app/build/intermediates/manifest_merge_blame_file/debug/manifest-merger-blame-debug-report.txt
1<?xml version="1.0" encoding="utf-8"?>
2<manifest xmlns:android="http://schemas.android.com/apk/res/android"
3    package="com.bytesbee.provpnapp"
4    android:versionCode="1"
5    android:versionName="1.0" >
6
7    <uses-sdk
8        android:minSdkVersion="21"
8-->src\main\AndroidManifest.xml
9        android:targetSdkVersion="31" />
9-->src\main\AndroidManifest.xml
10
11    <uses-permission android:name="android.permission.VIBRATE" />
11-->src\main\AndroidManifest.xml:6:5-66
11-->src\main\AndroidManifest.xml:6:22-63
12    <uses-permission android:name="android.permission.ACCESS_NETWORK_STATE" />
12-->src\main\AndroidManifest.xml:7:5-79
12-->src\main\AndroidManifest.xml:7:22-76
13    <uses-permission android:name="android.permission.ACCESS_WIFI_STATE" />
13-->src\main\AndroidManifest.xml:8:5-76
13-->src\main\AndroidManifest.xml:8:22-73
14    <uses-permission android:name="android.permission.INTERNET" />
14-->src\main\AndroidManifest.xml:9:5-67
14-->src\main\AndroidManifest.xml:9:22-64
15    <uses-permission android:name="android.permission.READ_EXTERNAL_STORAGE" />
15-->src\main\AndroidManifest.xml:10:5-80
15-->src\main\AndroidManifest.xml:10:22-77
16    <uses-permission android:name="android.permission.RECEIVE_BOOT_COMPLETED" />
16-->src\main\AndroidManifest.xml:11:5-81
16-->src\main\AndroidManifest.xml:11:22-78
17    <uses-permission android:name="android.permission.FOREGROUND_SERVICE" />
17-->src\main\AndroidManifest.xml:12:5-77
17-->src\main\AndroidManifest.xml:12:22-74
18    <!-- <uses-permission android:name="com.google.android.gms.permission.AD_ID" /> -->
19
20    <queries>
20-->src\main\AndroidManifest.xml:15:5-19:15
21        <intent>
21-->src\main\AndroidManifest.xml:16:9-18:18
22            <action android:name="android.intent.action.MAIN" />
22-->src\main\AndroidManifest.xml:17:13-65
22-->src\main\AndroidManifest.xml:17:21-62
23        </intent>
24        <!-- For browser content -->
25        <intent>
25-->[com.google.android.gms:play-services-ads-lite:21.3.0] AndroidManifest.xml:31:9-37:18
26            <action android:name="android.intent.action.VIEW" />
26-->[com.google.android.gms:play-services-ads-lite:21.3.0] AndroidManifest.xml:32:13-65
26-->[com.google.android.gms:play-services-ads-lite:21.3.0] AndroidManifest.xml:32:21-62
27
28            <category android:name="android.intent.category.BROWSABLE" />
28-->[com.google.android.gms:play-services-ads-lite:21.3.0] AndroidManifest.xml:34:13-74
28-->[com.google.android.gms:play-services-ads-lite:21.3.0] AndroidManifest.xml:34:23-71
29
30            <data android:scheme="https" />
30-->[com.google.android.gms:play-services-ads-lite:21.3.0] AndroidManifest.xml:36:13-44
30-->[com.google.android.gms:play-services-ads-lite:21.3.0] AndroidManifest.xml:36:19-41
31        </intent> <!-- End of browser content -->
32        <!-- For CustomTabsService -->
33        <intent>
33-->[com.google.android.gms:play-services-ads-lite:21.3.0] AndroidManifest.xml:40:9-42:18
34            <action android:name="android.support.customtabs.action.CustomTabsService" />
34-->[com.google.android.gms:play-services-ads-lite:21.3.0] AndroidManifest.xml:41:13-90
34-->[com.google.android.gms:play-services-ads-lite:21.3.0] AndroidManifest.xml:41:21-87
35        </intent>
36    </queries>
37
38    <uses-permission android:name="android.permission.POST_NOTIFICATIONS" />
38-->[com.google.firebase:firebase-messaging:23.0.8] AndroidManifest.xml:26:5-77
38-->[com.google.firebase:firebase-messaging:23.0.8] AndroidManifest.xml:26:22-74
39    <uses-permission android:name="android.permission.WAKE_LOCK" /> <!-- Required by older versions of Google Play services to create IID tokens -->
39-->[com.google.firebase:firebase-messaging:23.0.8] AndroidManifest.xml:27:5-68
39-->[com.google.firebase:firebase-messaging:23.0.8] AndroidManifest.xml:27:22-65
40    <uses-permission android:name="com.google.android.c2dm.permission.RECEIVE" />
40-->[com.google.firebase:firebase-messaging:23.0.8] AndroidManifest.xml:29:5-82
40-->[com.google.firebase:firebase-messaging:23.0.8] AndroidManifest.xml:29:22-79
41    <uses-permission android:name="com.google.android.finsky.permission.BIND_GET_INSTALL_REFERRER_SERVICE" />
41-->[com.google.android.gms:play-services-measurement:21.1.1] AndroidManifest.xml:26:5-110
41-->[com.google.android.gms:play-services-measurement:21.1.1] AndroidManifest.xml:26:22-107
42    <uses-permission android:name="com.google.android.gms.permission.AD_ID" />
42-->[com.google.android.gms:play-services-measurement-impl:21.1.1] AndroidManifest.xml:27:5-79
42-->[com.google.android.gms:play-services-measurement-impl:21.1.1] AndroidManifest.xml:27:22-76
43    <uses-permission android:name="com.android.vending.BILLING" />
43-->[com.android.billingclient:billing:5.0.0] AndroidManifest.xml:10:5-67
43-->[com.android.billingclient:billing:5.0.0] AndroidManifest.xml:10:22-64
44
45    <application
45-->src\main\AndroidManifest.xml:21:5-141:19
46        android:name="com.bytesbee.provpnapp.activity.UIApplication"
46-->src\main\AndroidManifest.xml:22:9-47
47        android:allowBackup="true"
47-->src\main\AndroidManifest.xml:23:9-35
48        android:appComponentFactory="androidx.core.app.CoreComponentFactory"
48-->[androidx.core:core:1.7.0] AndroidManifest.xml:24:18-86
49        android:debuggable="true"
50        android:extractNativeLibs="true"
50-->src\main\AndroidManifest.xml:24:9-41
51        android:hardwareAccelerated="true"
51-->src\main\AndroidManifest.xml:25:9-43
52        android:icon="@mipmap/ic_launcher"
52-->src\main\AndroidManifest.xml:26:9-43
53        android:label="@string/app_name"
53-->src\main\AndroidManifest.xml:27:9-41
54        android:networkSecurityConfig="@xml/network_security_config"
54-->src\main\AndroidManifest.xml:28:9-69
55        android:requestLegacyExternalStorage="true"
55-->src\main\AndroidManifest.xml:29:9-52
56        android:roundIcon="@mipmap/ic_launcher"
56-->src\main\AndroidManifest.xml:30:9-48
57        android:supportsRtl="true"
57-->src\main\AndroidManifest.xml:31:9-35
58        android:testOnly="true"
59        android:theme="@style/Theme.VPNApp"
59-->src\main\AndroidManifest.xml:32:9-44
60        android:usesCleartextTraffic="true" >
60-->src\main\AndroidManifest.xml:33:9-44
61        <meta-data
61-->src\main\AndroidManifest.xml:36:9-38:54
62            android:name="com.google.android.gms.ads.APPLICATION_ID"
62-->src\main\AndroidManifest.xml:37:13-69
63            android:value="@string/main_ad_app_id" />
63-->src\main\AndroidManifest.xml:38:13-51
64
65        <activity
65-->src\main\AndroidManifest.xml:40:9-50:20
66            android:name="com.bytesbee.provpnapp.activity.SplashActivity"
66-->src\main\AndroidManifest.xml:41:13-52
67            android:exported="true"
67-->src\main\AndroidManifest.xml:42:13-36
68            android:hardwareAccelerated="true"
68-->src\main\AndroidManifest.xml:43:13-47
69            android:screenOrientation="portrait" >
69-->src\main\AndroidManifest.xml:44:13-49
70            <intent-filter>
70-->src\main\AndroidManifest.xml:45:13-49:29
71                <action android:name="android.intent.action.MAIN" />
71-->src\main\AndroidManifest.xml:17:13-65
71-->src\main\AndroidManifest.xml:17:21-62
72
73                <category android:name="android.intent.category.LAUNCHER" />
73-->src\main\AndroidManifest.xml:48:17-77
73-->src\main\AndroidManifest.xml:48:27-74
74            </intent-filter>
75        </activity>
76        <activity
76-->src\main\AndroidManifest.xml:52:9-55:52
77            android:name="com.bytesbee.provpnapp.activity.HomeActivity"
77-->src\main\AndroidManifest.xml:53:13-50
78            android:exported="false"
78-->src\main\AndroidManifest.xml:54:13-37
79            android:screenOrientation="portrait" />
79-->src\main\AndroidManifest.xml:55:13-49
80        <activity
80-->src\main\AndroidManifest.xml:57:9-60:52
81            android:name="com.bytesbee.provpnapp.activity.OnBoardingActivity"
81-->src\main\AndroidManifest.xml:58:13-56
82            android:exported="false"
82-->src\main\AndroidManifest.xml:59:13-37
83            android:screenOrientation="portrait" />
83-->src\main\AndroidManifest.xml:60:13-49
84        <activity
84-->src\main\AndroidManifest.xml:62:9-65:52
85            android:name="com.bytesbee.provpnapp.activity.UsageActivity"
85-->src\main\AndroidManifest.xml:63:13-51
86            android:exported="false"
86-->src\main\AndroidManifest.xml:64:13-37
87            android:screenOrientation="portrait" />
87-->src\main\AndroidManifest.xml:65:13-49
88        <activity
88-->src\main\AndroidManifest.xml:67:9-70:52
89            android:name="com.bytesbee.provpnapp.activity.SelectServersActivity"
89-->src\main\AndroidManifest.xml:68:13-59
90            android:exported="false"
90-->src\main\AndroidManifest.xml:69:13-37
91            android:screenOrientation="portrait" />
91-->src\main\AndroidManifest.xml:70:13-49
92        <activity
92-->src\main\AndroidManifest.xml:72:9-74:40
93            android:name="com.bytesbee.provpnapp.activity.SpeedTestActivity"
93-->src\main\AndroidManifest.xml:73:13-55
94            android:exported="false" />
94-->src\main\AndroidManifest.xml:74:13-37
95        <activity
95-->src\main\AndroidManifest.xml:76:9-78:40
96            android:name="com.bytesbee.provpnapp.activity.ConnectionHistoryActivity"
96-->src\main\AndroidManifest.xml:77:13-63
97            android:exported="false" />
97-->src\main\AndroidManifest.xml:78:13-37
98        <activity
98-->src\main\AndroidManifest.xml:80:9-82:40
99            android:name="com.bytesbee.provpnapp.activity.SpeedTestHistoryActivity"
99-->src\main\AndroidManifest.xml:81:13-62
100            android:exported="false" />
100-->src\main\AndroidManifest.xml:82:13-37
101        <activity
101-->src\main\AndroidManifest.xml:84:9-86:40
102            android:name="com.bytesbee.provpnapp.activity.LogsActivity"
102-->src\main\AndroidManifest.xml:85:13-50
103            android:exported="false" />
103-->src\main\AndroidManifest.xml:86:13-37
104        <activity
104-->src\main\AndroidManifest.xml:88:9-91:52
105            android:name="com.bytesbee.provpnapp.activity.PrivacyPolicyActivity"
105-->src\main\AndroidManifest.xml:89:13-59
106            android:exported="false"
106-->src\main\AndroidManifest.xml:90:13-37
107            android:screenOrientation="portrait" />
107-->src\main\AndroidManifest.xml:91:13-49
108        <activity
108-->src\main\AndroidManifest.xml:93:9-96:52
109            android:name="com.bytesbee.provpnapp.activity.AboutUsActivity"
109-->src\main\AndroidManifest.xml:94:13-53
110            android:exported="false"
110-->src\main\AndroidManifest.xml:95:13-37
111            android:screenOrientation="portrait" />
111-->src\main\AndroidManifest.xml:96:13-49
112        <activity
112-->src\main\AndroidManifest.xml:98:9-101:52
113            android:name="com.bytesbee.provpnapp.activity.UpgradeActivity"
113-->src\main\AndroidManifest.xml:99:13-53
114            android:exported="false"
114-->src\main\AndroidManifest.xml:100:13-37
115            android:screenOrientation="portrait" />
115-->src\main\AndroidManifest.xml:101:13-49
116        <activity
116-->src\main\AndroidManifest.xml:103:9-106:52
117            android:name="com.bytesbee.provpnapp.activity.SettingsActivity"
117-->src\main\AndroidManifest.xml:104:13-54
118            android:exported="false"
118-->src\main\AndroidManifest.xml:105:13-37
119            android:screenOrientation="portrait" />
119-->src\main\AndroidManifest.xml:106:13-49
120        <activity
120-->src\main\AndroidManifest.xml:108:9-113:52
121            android:name="de.blinkt.openvpn.DisconnectVPNActivity"
121-->src\main\AndroidManifest.xml:109:13-67
122            android:excludeFromRecents="true"
122-->src\main\AndroidManifest.xml:110:13-46
123            android:noHistory="true"
123-->src\main\AndroidManifest.xml:111:13-37
124            android:taskAffinity=".DisconnectVPN"
124-->src\main\AndroidManifest.xml:112:13-50
125            android:theme="@style/blinkt.dialog" />
125-->src\main\AndroidManifest.xml:113:13-49
126
127        <service
127-->src\main\AndroidManifest.xml:115:9-122:19
128            android:name="de.blinkt.openvpn.core.OpenVPNService"
128-->src\main\AndroidManifest.xml:116:13-65
129            android:exported="true"
129-->src\main\AndroidManifest.xml:117:13-36
130            android:permission="android.permission.BIND_VPN_SERVICE" >
130-->src\main\AndroidManifest.xml:118:13-69
131            <intent-filter>
131-->src\main\AndroidManifest.xml:119:13-121:29
132                <action android:name="android.net.VpnService" />
132-->src\main\AndroidManifest.xml:120:17-65
132-->src\main\AndroidManifest.xml:120:25-62
133            </intent-filter>
134        </service>
135        <service
135-->src\main\AndroidManifest.xml:124:9-130:19
136            android:name="com.bytesbee.provpnapp.fcm.MyFirebaseMessagingService"
136-->src\main\AndroidManifest.xml:125:13-59
137            android:exported="false" >
137-->src\main\AndroidManifest.xml:126:13-37
138            <intent-filter>
138-->src\main\AndroidManifest.xml:127:13-129:29
139                <action android:name="com.google.firebase.MESSAGING_EVENT" />
139-->src\main\AndroidManifest.xml:128:17-78
139-->src\main\AndroidManifest.xml:128:25-75
140            </intent-filter>
141        </service>
142
143        <receiver
143-->src\main\AndroidManifest.xml:132:9-139:20
144            android:name="de.blinkt.openvpn.OnBootReceiver"
144-->src\main\AndroidManifest.xml:133:13-60
145            android:exported="true" >
145-->src\main\AndroidManifest.xml:134:13-36
146            <intent-filter android:priority="999" >
146-->src\main\AndroidManifest.xml:135:13-138:29
146-->src\main\AndroidManifest.xml:135:28-50
147                <action android:name="android.intent.action.BOOT_COMPLETED" />
147-->src\main\AndroidManifest.xml:136:17-79
147-->src\main\AndroidManifest.xml:136:25-76
148                <action android:name="android.intent.action.MY_PACKAGE_REPLACED" />
148-->src\main\AndroidManifest.xml:137:17-84
148-->src\main\AndroidManifest.xml:137:25-81
149            </intent-filter>
150        </receiver>
151        <receiver
151-->[com.google.firebase:firebase-messaging:23.0.8] AndroidManifest.xml:32:9-39:20
152            android:name="com.google.firebase.iid.FirebaseInstanceIdReceiver"
152-->[com.google.firebase:firebase-messaging:23.0.8] AndroidManifest.xml:33:13-78
153            android:exported="true"
153-->[com.google.firebase:firebase-messaging:23.0.8] AndroidManifest.xml:34:13-36
154            android:permission="com.google.android.c2dm.permission.SEND" >
154-->[com.google.firebase:firebase-messaging:23.0.8] AndroidManifest.xml:35:13-73
155            <intent-filter>
155-->[com.google.firebase:firebase-messaging:23.0.8] AndroidManifest.xml:36:13-38:29
156                <action android:name="com.google.android.c2dm.intent.RECEIVE" />
156-->[com.google.firebase:firebase-messaging:23.0.8] AndroidManifest.xml:37:17-81
156-->[com.google.firebase:firebase-messaging:23.0.8] AndroidManifest.xml:37:25-78
157            </intent-filter>
158        </receiver>
159        <!--
160             FirebaseMessagingService performs security checks at runtime,
161             but set to not exported to explicitly avoid allowing another app to call it.
162        -->
163        <service
163-->[com.google.firebase:firebase-messaging:23.0.8] AndroidManifest.xml:45:9-52:19
164            android:name="com.google.firebase.messaging.FirebaseMessagingService"
164-->[com.google.firebase:firebase-messaging:23.0.8] AndroidManifest.xml:46:13-82
165            android:directBootAware="true"
165-->[com.google.firebase:firebase-messaging:23.0.8] AndroidManifest.xml:47:13-43
166            android:exported="false" >
166-->[com.google.firebase:firebase-messaging:23.0.8] AndroidManifest.xml:48:13-37
167            <intent-filter android:priority="-500" >
167-->src\main\AndroidManifest.xml:127:13-129:29
168                <action android:name="com.google.firebase.MESSAGING_EVENT" />
168-->src\main\AndroidManifest.xml:128:17-78
168-->src\main\AndroidManifest.xml:128:25-75
169            </intent-filter>
170        </service>
171        <service
171-->[com.google.firebase:firebase-messaging:23.0.8] AndroidManifest.xml:53:9-59:19
172            android:name="com.google.firebase.components.ComponentDiscoveryService"
172-->[com.google.firebase:firebase-messaging:23.0.8] AndroidManifest.xml:54:13-84
173            android:directBootAware="true"
173-->[com.google.firebase:firebase-common:20.1.2] AndroidManifest.xml:35:13-43
174            android:exported="false" >
174-->[com.google.firebase:firebase-messaging:23.0.8] AndroidManifest.xml:55:13-37
175            <meta-data
175-->[com.google.firebase:firebase-messaging:23.0.8] AndroidManifest.xml:56:13-58:85
176                android:name="com.google.firebase.components:com.google.firebase.messaging.FirebaseMessagingRegistrar"
176-->[com.google.firebase:firebase-messaging:23.0.8] AndroidManifest.xml:57:17-119
177                android:value="com.google.firebase.components.ComponentRegistrar" />
177-->[com.google.firebase:firebase-messaging:23.0.8] AndroidManifest.xml:58:17-82
178            <meta-data
178-->[com.google.android.gms:play-services-measurement-api:21.1.1] AndroidManifest.xml:31:13-33:85
179                android:name="com.google.firebase.components:com.google.firebase.analytics.connector.internal.AnalyticsConnectorRegistrar"
179-->[com.google.android.gms:play-services-measurement-api:21.1.1] AndroidManifest.xml:32:17-139
180                android:value="com.google.firebase.components.ComponentRegistrar" />
180-->[com.google.android.gms:play-services-measurement-api:21.1.1] AndroidManifest.xml:33:17-82
181            <meta-data
181-->[com.google.firebase:firebase-installations:17.0.2] AndroidManifest.xml:18:13-20:85
182                android:name="com.google.firebase.components:com.google.firebase.installations.FirebaseInstallationsRegistrar"
182-->[com.google.firebase:firebase-installations:17.0.2] AndroidManifest.xml:19:17-127
183                android:value="com.google.firebase.components.ComponentRegistrar" />
183-->[com.google.firebase:firebase-installations:17.0.2] AndroidManifest.xml:20:17-82
184            <meta-data
184-->[com.google.firebase:firebase-datatransport:18.1.6] AndroidManifest.xml:28:13-30:85
185                android:name="com.google.firebase.components:com.google.firebase.datatransport.TransportRegistrar"
185-->[com.google.firebase:firebase-datatransport:18.1.6] AndroidManifest.xml:29:17-115
186                android:value="com.google.firebase.components.ComponentRegistrar" />
186-->[com.google.firebase:firebase-datatransport:18.1.6] AndroidManifest.xml:30:17-82
187        </service>
188
189        <receiver
189-->[com.google.android.gms:play-services-measurement:21.1.1] AndroidManifest.xml:29:9-33:20
190            android:name="com.google.android.gms.measurement.AppMeasurementReceiver"
190-->[com.google.android.gms:play-services-measurement:21.1.1] AndroidManifest.xml:30:13-85
191            android:enabled="true"
191-->[com.google.android.gms:play-services-measurement:21.1.1] AndroidManifest.xml:31:13-35
192            android:exported="false" >
192-->[com.google.android.gms:play-services-measurement:21.1.1] AndroidManifest.xml:32:13-37
193        </receiver>
194
195        <service
195-->[com.google.android.gms:play-services-measurement:21.1.1] AndroidManifest.xml:35:9-38:40
196            android:name="com.google.android.gms.measurement.AppMeasurementService"
196-->[com.google.android.gms:play-services-measurement:21.1.1] AndroidManifest.xml:36:13-84
197            android:enabled="true"
197-->[com.google.android.gms:play-services-measurement:21.1.1] AndroidManifest.xml:37:13-35
198            android:exported="false" />
198-->[com.google.android.gms:play-services-measurement:21.1.1] AndroidManifest.xml:38:13-37
199        <service
199-->[com.google.android.gms:play-services-measurement:21.1.1] AndroidManifest.xml:39:9-43:72
200            android:name="com.google.android.gms.measurement.AppMeasurementJobService"
200-->[com.google.android.gms:play-services-measurement:21.1.1] AndroidManifest.xml:40:13-87
201            android:enabled="true"
201-->[com.google.android.gms:play-services-measurement:21.1.1] AndroidManifest.xml:41:13-35
202            android:exported="false"
202-->[com.google.android.gms:play-services-measurement:21.1.1] AndroidManifest.xml:42:13-37
203            android:permission="android.permission.BIND_JOB_SERVICE" /> <!-- Include the AdActivity and InAppPurchaseActivity configChanges and themes. -->
203-->[com.google.android.gms:play-services-measurement:21.1.1] AndroidManifest.xml:43:13-69
204        <activity
204-->[com.google.android.gms:play-services-ads-lite:21.3.0] AndroidManifest.xml:49:9-53:64
205            android:name="com.google.android.gms.ads.AdActivity"
205-->[com.google.android.gms:play-services-ads-lite:21.3.0] AndroidManifest.xml:50:13-65
206            android:configChanges="keyboard|keyboardHidden|orientation|screenLayout|uiMode|screenSize|smallestScreenSize"
206-->[com.google.android.gms:play-services-ads-lite:21.3.0] AndroidManifest.xml:51:13-122
207            android:exported="false"
207-->[com.google.android.gms:play-services-ads-lite:21.3.0] AndroidManifest.xml:52:13-37
208            android:theme="@android:style/Theme.Translucent" />
208-->[com.google.android.gms:play-services-ads-lite:21.3.0] AndroidManifest.xml:53:13-61
209
210        <provider
210-->[com.google.android.gms:play-services-ads-lite:21.3.0] AndroidManifest.xml:55:9-59:39
211            android:name="com.google.android.gms.ads.MobileAdsInitProvider"
211-->[com.google.android.gms:play-services-ads-lite:21.3.0] AndroidManifest.xml:56:13-76
212            android:authorities="com.bytesbee.provpnapp.mobileadsinitprovider"
212-->[com.google.android.gms:play-services-ads-lite:21.3.0] AndroidManifest.xml:57:13-73
213            android:exported="false"
213-->[com.google.android.gms:play-services-ads-lite:21.3.0] AndroidManifest.xml:58:13-37
214            android:initOrder="100" />
214-->[com.google.android.gms:play-services-ads-lite:21.3.0] AndroidManifest.xml:59:13-36
215
216        <service
216-->[com.google.android.gms:play-services-ads-lite:21.3.0] AndroidManifest.xml:61:9-64:40
217            android:name="com.google.android.gms.ads.AdService"
217-->[com.google.android.gms:play-services-ads-lite:21.3.0] AndroidManifest.xml:62:13-64
218            android:enabled="true"
218-->[com.google.android.gms:play-services-ads-lite:21.3.0] AndroidManifest.xml:63:13-35
219            android:exported="false" />
219-->[com.google.android.gms:play-services-ads-lite:21.3.0] AndroidManifest.xml:64:13-37
220
221        <provider
221-->[androidx.work:work-runtime:2.7.1] AndroidManifest.xml:31:9-39:20
222            android:name="androidx.startup.InitializationProvider"
222-->[androidx.work:work-runtime:2.7.1] AndroidManifest.xml:32:13-67
223            android:authorities="com.bytesbee.provpnapp.androidx-startup"
223-->[androidx.work:work-runtime:2.7.1] AndroidManifest.xml:33:13-68
224            android:exported="false" >
224-->[androidx.work:work-runtime:2.7.1] AndroidManifest.xml:34:13-37
225            <meta-data
225-->[androidx.work:work-runtime:2.7.1] AndroidManifest.xml:36:13-38:52
226                android:name="androidx.work.WorkManagerInitializer"
226-->[androidx.work:work-runtime:2.7.1] AndroidManifest.xml:37:17-68
227                android:value="androidx.startup" />
227-->[androidx.work:work-runtime:2.7.1] AndroidManifest.xml:38:17-49
228            <meta-data
228-->[androidx.emoji2:emoji2:1.0.0] AndroidManifest.xml:31:13-33:52
229                android:name="androidx.emoji2.text.EmojiCompatInitializer"
229-->[androidx.emoji2:emoji2:1.0.0] AndroidManifest.xml:32:17-75
230                android:value="androidx.startup" />
230-->[androidx.emoji2:emoji2:1.0.0] AndroidManifest.xml:33:17-49
231            <meta-data
231-->[androidx.lifecycle:lifecycle-process:2.4.0] AndroidManifest.xml:31:13-33:52
232                android:name="androidx.lifecycle.ProcessLifecycleInitializer"
232-->[androidx.lifecycle:lifecycle-process:2.4.0] AndroidManifest.xml:32:17-78
233                android:value="androidx.startup" />
233-->[androidx.lifecycle:lifecycle-process:2.4.0] AndroidManifest.xml:33:17-49
234        </provider>
235
236        <service
236-->[androidx.work:work-runtime:2.7.1] AndroidManifest.xml:41:9-46:35
237            android:name="androidx.work.impl.background.systemalarm.SystemAlarmService"
237-->[androidx.work:work-runtime:2.7.1] AndroidManifest.xml:42:13-88
238            android:directBootAware="false"
238-->[androidx.work:work-runtime:2.7.1] AndroidManifest.xml:43:13-44
239            android:enabled="@bool/enable_system_alarm_service_default"
239-->[androidx.work:work-runtime:2.7.1] AndroidManifest.xml:44:13-72
240            android:exported="false" />
240-->[androidx.work:work-runtime:2.7.1] AndroidManifest.xml:45:13-37
241        <service
241-->[androidx.work:work-runtime:2.7.1] AndroidManifest.xml:47:9-53:35
242            android:name="androidx.work.impl.background.systemjob.SystemJobService"
242-->[androidx.work:work-runtime:2.7.1] AndroidManifest.xml:48:13-84
243            android:directBootAware="false"
243-->[androidx.work:work-runtime:2.7.1] AndroidManifest.xml:49:13-44
244            android:enabled="@bool/enable_system_job_service_default"
244-->[androidx.work:work-runtime:2.7.1] AndroidManifest.xml:50:13-70
245            android:exported="true"
245-->[androidx.work:work-runtime:2.7.1] AndroidManifest.xml:51:13-36
246            android:permission="android.permission.BIND_JOB_SERVICE" />
246-->[androidx.work:work-runtime:2.7.1] AndroidManifest.xml:52:13-69
247        <service
247-->[androidx.work:work-runtime:2.7.1] AndroidManifest.xml:54:9-59:35
248            android:name="androidx.work.impl.foreground.SystemForegroundService"
248-->[androidx.work:work-runtime:2.7.1] AndroidManifest.xml:55:13-81
249            android:directBootAware="false"
249-->[androidx.work:work-runtime:2.7.1] AndroidManifest.xml:56:13-44
250            android:enabled="@bool/enable_system_foreground_service_default"
250-->[androidx.work:work-runtime:2.7.1] AndroidManifest.xml:57:13-77
251            android:exported="false" />
251-->[androidx.work:work-runtime:2.7.1] AndroidManifest.xml:58:13-37
252
253        <receiver
253-->[androidx.work:work-runtime:2.7.1] AndroidManifest.xml:61:9-66:35
254            android:name="androidx.work.impl.utils.ForceStopRunnable$BroadcastReceiver"
254-->[androidx.work:work-runtime:2.7.1] AndroidManifest.xml:62:13-88
255            android:directBootAware="false"
255-->[androidx.work:work-runtime:2.7.1] AndroidManifest.xml:63:13-44
256            android:enabled="true"
256-->[androidx.work:work-runtime:2.7.1] AndroidManifest.xml:64:13-35
257            android:exported="false" />
257-->[androidx.work:work-runtime:2.7.1] AndroidManifest.xml:65:13-37
258        <receiver
258-->[androidx.work:work-runtime:2.7.1] AndroidManifest.xml:67:9-77:20
259            android:name="androidx.work.impl.background.systemalarm.ConstraintProxy$BatteryChargingProxy"
259-->[androidx.work:work-runtime:2.7.1] AndroidManifest.xml:68:13-106
260            android:directBootAware="false"
260-->[androidx.work:work-runtime:2.7.1] AndroidManifest.xml:69:13-44
261            android:enabled="false"
261-->[androidx.work:work-runtime:2.7.1] AndroidManifest.xml:70:13-36
262            android:exported="false" >
262-->[androidx.work:work-runtime:2.7.1] AndroidManifest.xml:71:13-37
263            <intent-filter>
263-->[androidx.work:work-runtime:2.7.1] AndroidManifest.xml:73:13-76:29
264                <action android:name="android.intent.action.ACTION_POWER_CONNECTED" />
264-->[androidx.work:work-runtime:2.7.1] AndroidManifest.xml:74:17-87
264-->[androidx.work:work-runtime:2.7.1] AndroidManifest.xml:74:25-84
265                <action android:name="android.intent.action.ACTION_POWER_DISCONNECTED" />
265-->[androidx.work:work-runtime:2.7.1] AndroidManifest.xml:75:17-90
265-->[androidx.work:work-runtime:2.7.1] AndroidManifest.xml:75:25-87
266            </intent-filter>
267        </receiver>
268        <receiver
268-->[androidx.work:work-runtime:2.7.1] AndroidManifest.xml:78:9-88:20
269            android:name="androidx.work.impl.background.systemalarm.ConstraintProxy$BatteryNotLowProxy"
269-->[androidx.work:work-runtime:2.7.1] AndroidManifest.xml:79:13-104
270            android:directBootAware="false"
270-->[androidx.work:work-runtime:2.7.1] AndroidManifest.xml:80:13-44
271            android:enabled="false"
271-->[androidx.work:work-runtime:2.7.1] AndroidManifest.xml:81:13-36
272            android:exported="false" >
272-->[androidx.work:work-runtime:2.7.1] AndroidManifest.xml:82:13-37
273            <intent-filter>
273-->[androidx.work:work-runtime:2.7.1] AndroidManifest.xml:84:13-87:29
274                <action android:name="android.intent.action.BATTERY_OKAY" />
274-->[androidx.work:work-runtime:2.7.1] AndroidManifest.xml:85:17-77
274-->[androidx.work:work-runtime:2.7.1] AndroidManifest.xml:85:25-74
275                <action android:name="android.intent.action.BATTERY_LOW" />
275-->[androidx.work:work-runtime:2.7.1] AndroidManifest.xml:86:17-76
275-->[androidx.work:work-runtime:2.7.1] AndroidManifest.xml:86:25-73
276            </intent-filter>
277        </receiver>
278        <receiver
278-->[androidx.work:work-runtime:2.7.1] AndroidManifest.xml:89:9-99:20
279            android:name="androidx.work.impl.background.systemalarm.ConstraintProxy$StorageNotLowProxy"
279-->[androidx.work:work-runtime:2.7.1] AndroidManifest.xml:90:13-104
280            android:directBootAware="false"
280-->[androidx.work:work-runtime:2.7.1] AndroidManifest.xml:91:13-44
281            android:enabled="false"
281-->[androidx.work:work-runtime:2.7.1] AndroidManifest.xml:92:13-36